<?xml version="1.0" encoding="UTF-8"?>
<coverage generated="1771470536115" clover="3.2.0">
  <project timestamp="1771470536115" name="All files">
    <metrics statements="86" coveredstatements="82" conditionals="58" coveredconditionals="47" methods="17" coveredmethods="17" elements="161" coveredelements="146" complexity="0" loc="86" ncloc="86" packages="1" files="2" classes="2"/>
    <file name="kline-service.js" path="/Users/shengchun.sun/.openclaw/workspace/kline-service.js">
      <metrics statements="57" coveredstatements="53" conditionals="33" coveredconditionals="23" methods="13" coveredmethods="13"/>
      <line num="6" count="1" type="stmt"/>
      <line num="11" count="1" type="stmt"/>
      <line num="26" count="3" type="cond" truecount="2" falsecount="0"/>
      <line num="27" count="1" type="stmt"/>
      <line num="30" count="2" type="stmt"/>
      <line num="33" count="2" type="stmt"/>
      <line num="58" count="2" type="stmt"/>
      <line num="74" count="18" type="cond" truecount="4" falsecount="0"/>
      <line num="75" count="1" type="stmt"/>
      <line num="78" count="17" type="cond" truecount="2" falsecount="0"/>
      <line num="79" count="1" type="stmt"/>
      <line num="82" count="16" type="stmt"/>
      <line num="83" count="16" type="stmt"/>
      <line num="86" count="16" type="stmt"/>
      <line num="87" count="30820" type="stmt"/>
      <line num="89" count="30820" type="cond" truecount="2" falsecount="0"/>
      <line num="90" count="156" type="stmt"/>
      <line num="98" count="30820" type="stmt"/>
      <line num="99" count="30820" type="stmt"/>
      <line num="100" count="30820" type="cond" truecount="1" falsecount="1"/>
      <line num="101" count="30820" type="stmt"/>
      <line num="105" count="16" type="stmt"/>
      <line num="106" count="16" type="stmt"/>
      <line num="108" count="156" type="stmt"/>
      <line num="109" count="30820" type="stmt"/>
      <line num="110" count="30710" type="stmt"/>
      <line num="112" count="156" type="stmt"/>
      <line num="113" count="156" type="stmt"/>
      <line num="115" count="156" type="stmt"/>
      <line num="121" count="30820" type="stmt"/>
      <line num="125" count="142" type="stmt"/>
      <line num="134" count="2" type="stmt"/>
      <line num="136" count="2" type="stmt"/>
      <line num="138" count="4" type="stmt"/>
      <line num="139" count="50" type="cond" truecount="2" falsecount="0"/>
      <line num="142" count="4" type="cond" truecount="1" falsecount="1"/>
      <line num="145" count="20" type="stmt"/>
      <line num="146" count="4" type="cond" truecount="2" falsecount="0"/>
      <line num="147" count="1" type="stmt"/>
      <line num="151" count="20" type="stmt"/>
      <line num="152" count="4" type="cond" truecount="1" falsecount="1"/>
      <line num="153" count="0" type="stmt"/>
      <line num="157" count="4" type="stmt"/>
      <line num="158" count="4" type="cond" truecount="1" falsecount="1"/>
      <line num="159" count="0" type="stmt"/>
      <line num="163" count="4" type="stmt"/>
      <line num="164" count="4" type="cond" truecount="1" falsecount="1"/>
      <line num="165" count="0" type="stmt"/>
      <line num="169" count="20" type="stmt"/>
      <line num="170" count="4" type="cond" truecount="1" falsecount="1"/>
      <line num="171" count="0" type="stmt"/>
      <line num="175" count="2" type="stmt"/>
      <line num="185" count="2" type="stmt"/>
      <line num="190" count="2" type="cond" truecount="2" falsecount="0"/>
      <line num="191" count="1" type="stmt"/>
      <line num="194" count="1" type="stmt"/>
      <line num="197" count="1" type="stmt"/>
    </file>
    <file name="stats-service.js" path="/Users/shengchun.sun/.openclaw/workspace/stats-service.js">
      <metrics statements="29" coveredstatements="29" conditionals="25" coveredconditionals="24" methods="4" coveredmethods="4"/>
      <line num="6" count="1" type="stmt"/>
      <line num="13" count="5" type="stmt"/>
      <line num="19" count="4" type="stmt"/>
      <line num="25" count="4" type="stmt"/>
      <line num="31" count="4" type="stmt"/>
      <line num="36" count="4" type="stmt"/>
      <line num="37" count="4" type="stmt"/>
      <line num="38" count="4" type="stmt"/>
      <line num="39" count="4" type="stmt"/>
      <line num="41" count="4" type="stmt"/>
      <line num="58" count="7" type="stmt"/>
      <line num="63" count="7" type="stmt"/>
      <line num="64" count="7" type="stmt"/>
      <line num="65" count="7" type="stmt"/>
      <line num="67" count="7" type="stmt"/>
      <line num="68" count="8" type="cond" truecount="2" falsecount="0"/>
      <line num="69" count="8" type="stmt"/>
      <line num="70" count="8" type="stmt"/>
      <line num="71" count="8" type="stmt"/>
      <line num="72" count="8" type="cond" truecount="2" falsecount="0"/>
      <line num="74" count="8" type="stmt"/>
      <line num="75" count="8" type="stmt"/>
      <line num="77" count="8" type="stmt"/>
      <line num="89" count="7" type="stmt"/>
      <line num="90" count="7" type="cond" truecount="2" falsecount="0"/>
      <line num="92" count="7" type="stmt"/>
      <line num="107" count="2" type="stmt"/>
      <line num="111" count="3" type="stmt"/>
      <line num="119" count="1" type="stmt"/>
    </file>
  </project>
</coverage>
