{"/Users/shengchun.sun/.openclaw/workspace/achievement-service.js": {"path":"/Users/shengchun.sun/.openclaw/workspace/achievement-service.js","statementMap":{"0":{"start":{"line":5,"column":18},"end":{"line":5,"column":42}},"1":{"start":{"line":6,"column":22},"end":{"line":6,"column":44}},"2":{"start":{"line":9,"column":24},"end":{"line":9,"column":28}},"3":{"start":{"line":13,"column":2},"end":{"line":13,"column":50}},"4":{"start":{"line":13,"column":25},"end":{"line":13,"column":50}},"5":{"start":{"line":14,"column":17},"end":{"line":14,"column":58}},"6":{"start":{"line":15,"column":2},"end":{"line":15,"column":34}},"7":{"start":{"line":16,"column":2},"end":{"line":16,"column":27}},"8":{"start":{"line":21,"column":17},"end":{"line":27,"column":3}},"9":{"start":{"line":28,"column":2},"end":{"line":28,"column":21}},"10":{"start":{"line":33,"column":23},"end":{"line":33,"column":47}},"11":{"start":{"line":34,"column":19},"end":{"line":34,"column":21}},"12":{"start":{"line":36,"column":2},"end":{"line":71,"column":3}},"13":{"start":{"line":37,"column":4},"end":{"line":37,"column":55}},"14":{"start":{"line":37,"column":46},"end":{"line":37,"column":55}},"15":{"start":{"line":40,"column":21},"end":{"line":43,"column":5}},"16":{"start":{"line":44,"column":4},"end":{"line":44,"column":43}},"17":{"start":{"line":44,"column":34},"end":{"line":44,"column":43}},"18":{"start":{"line":47,"column":23},"end":{"line":47,"column":28}},"19":{"start":{"line":48,"column":4},"end":{"line":51,"column":5}},"20":{"start":{"line":50,"column":6},"end":{"line":50,"column":57}},"21":{"start":{"line":53,"column":4},"end":{"line":70,"column":5}},"22":{"start":{"line":54,"column":6},"end":{"line":57,"column":8}},"23":{"start":{"line":58,"column":6},"end":{"line":58,"column":25}},"24":{"start":{"line":61,"column":6},"end":{"line":67,"column":17}},"25":{"start":{"line":69,"column":6},"end":{"line":69,"column":81}},"26":{"start":{"line":73,"column":2},"end":{"line":73,"column":18}},"27":{"start":{"line":79,"column":21},"end":{"line":82,"column":3}},"28":{"start":{"line":83,"column":2},"end":{"line":83,"column":82}},"29":{"start":{"line":86,"column":15},"end":{"line":86,"column":83}},"30":{"start":{"line":87,"column":2},"end":{"line":89,"column":3}},"31":{"start":{"line":88,"column":4},"end":{"line":88,"column":86}},"32":{"start":{"line":92,"column":19},"end":{"line":95,"column":3}},"33":{"start":{"line":96,"column":2},"end":{"line":96,"column":83}},"34":{"start":{"line":99,"column":0},"end":{"line":104,"column":2}}},"fnMap":{"0":{"name":"loadAchievements","decl":{"start":{"line":12,"column":15},"end":{"line":12,"column":31}},"loc":{"start":{"line":12,"column":34},"end":{"line":17,"column":1}},"line":12},"1":{"name":"getUserAchievements","decl":{"start":{"line":20,"column":15},"end":{"line":20,"column":34}},"loc":{"start":{"line":20,"column":43},"end":{"line":29,"column":1}},"line":20},"2":{"name":"checkAndUnlock","decl":{"start":{"line":32,"column":15},"end":{"line":32,"column":29}},"loc":{"start":{"line":32,"column":67},"end":{"line":74,"column":1}},"line":32},"3":{"name":"checkAfterTrade","decl":{"start":{"line":77,"column":15},"end":{"line":77,"column":30}},"loc":{"start":{"line":77,"column":39},"end":{"line":97,"column":1}},"line":77}},"branchMap":{"0":{"loc":{"start":{"line":13,"column":2},"end":{"line":13,"column":50}},"type":"if","locations":[{"start":{"line":13,"column":2},"end":{"line":13,"column":50}},{"start":{},"end":{}}],"line":13},"1":{"loc":{"start":{"line":37,"column":4},"end":{"line":37,"column":55}},"type":"if","locations":[{"start":{"line":37,"column":4},"end":{"line":37,"column":55}},{"start":{},"end":{}}],"line":37},"2":{"loc":{"start":{"line":44,"column":4},"end":{"line":44,"column":43}},"type":"if","locations":[{"start":{"line":44,"column":4},"end":{"line":44,"column":43}},{"start":{},"end":{}}],"line":44},"3":{"loc":{"start":{"line":48,"column":4},"end":{"line":51,"column":5}},"type":"if","locations":[{"start":{"line":48,"column":4},"end":{"line":51,"column":5}},{"start":{},"end":{}}],"line":48},"4":{"loc":{"start":{"line":48,"column":8},"end":{"line":49,"column":77}},"type":"binary-expr","locations":[{"start":{"line":48,"column":8},"end":{"line":48,"column":39}},{"start":{"line":48,"column":43},"end":{"line":48,"column":75}},{"start":{"line":49,"column":8},"end":{"line":49,"column":39}},{"start":{"line":49,"column":43},"end":{"line":49,"column":77}}],"line":48},"5":{"loc":{"start":{"line":53,"column":4},"end":{"line":70,"column":5}},"type":"if","locations":[{"start":{"line":53,"column":4},"end":{"line":70,"column":5}},{"start":{},"end":{}}],"line":53},"6":{"loc":{"start":{"line":87,"column":2},"end":{"line":89,"column":3}},"type":"if","locations":[{"start":{"line":87,"column":2},"end":{"line":89,"column":3}},{"start":{},"end":{}}],"line":87}},"s":{"0":0,"1":0,"2":0,"3":0,"4":0,"5":0,"6":0,"7":0,"8":0,"9":0,"10":0,"11":0,"12":0,"13":0,"14":0,"15":0,"16":0,"17":0,"18":0,"19":0,"20":0,"21":0,"22":0,"23":0,"24":0,"25":0,"26":0,"27":0,"28":0,"29":0,"30":0,"31":0,"32":0,"33":0,"34":0},"f":{"0":0,"1":0,"2":0,"3":0},"b":{"0":[0,0],"1":[0,0],"2":[0,0],"3":[0,0],"4":[0,0,0,0],"5":[0,0],"6":[0,0]}}
,"/Users/shengchun.sun/.openclaw/workspace/kline-service.js": {"path":"/Users/shengchun.sun/.openclaw/workspace/kline-service.js","statementMap":{"0":{"start":{"line":6,"column":18},"end":{"line":6,"column":42}},"1":{"start":{"line":11,"column":18},"end":{"line":17,"column":1}},"2":{"start":{"line":26,"column":2},"end":{"line":28,"column":3}},"3":{"start":{"line":27,"column":4},"end":{"line":27,"column":98}},"4":{"start":{"line":30,"column":21},"end":{"line":30,"column":40}},"5":{"start":{"line":33,"column":17},"end":{"line":56,"column":3}},"6":{"start":{"line":58,"column":2},"end":{"line":65,"column":6}},"7":{"start":{"line":58,"column":33},"end":{"line":65,"column":3}},"8":{"start":{"line":74,"column":2},"end":{"line":76,"column":3}},"9":{"start":{"line":75,"column":4},"end":{"line":75,"column":14}},"10":{"start":{"line":78,"column":2},"end":{"line":80,"column":3}},"11":{"start":{"line":79,"column":4},"end":{"line":79,"column":53}},"12":{"start":{"line":82,"column":21},"end":{"line":82,"column":40}},"13":{"start":{"line":83,"column":18},"end":{"line":83,"column":27}},"14":{"start":{"line":86,"column":2},"end":{"line":102,"column":3}},"15":{"start":{"line":87,"column":19},"end":{"line":87,"column":66}},"16":{"start":{"line":89,"column":4},"end":{"line":96,"column":5}},"17":{"start":{"line":90,"column":6},"end":{"line":95,"column":9}},"18":{"start":{"line":98,"column":23},"end":{"line":98,"column":42}},"19":{"start":{"line":99,"column":4},"end":{"line":99,"column":39}},"20":{"start":{"line":100,"column":4},"end":{"line":100,"column":48}},"21":{"start":{"line":101,"column":4},"end":{"line":101,"column":42}},"22":{"start":{"line":105,"column":17},"end":{"line":105,"column":19}},"23":{"start":{"line":106,"column":2},"end":{"line":123,"column":3}},"24":{"start":{"line":108,"column":22},"end":{"line":110,"column":32}},"25":{"start":{"line":109,"column":22},"end":{"line":109,"column":30}},"26":{"start":{"line":110,"column":22},"end":{"line":110,"column":31}},"27":{"start":{"line":112,"column":20},"end":{"line":112,"column":34}},"28":{"start":{"line":113,"column":21},"end":{"line":113,"column":54}},"29":{"start":{"line":115,"column":4},"end":{"line":122,"column":7}},"30":{"start":{"line":121,"column":44},"end":{"line":121,"column":49}},"31":{"start":{"line":125,"column":2},"end":{"line":125,"column":48}},"32":{"start":{"line":125,"column":31},"end":{"line":125,"column":46}},"33":{"start":{"line":134,"column":17},"end":{"line":134,"column":19}},"34":{"start":{"line":136,"column":2},"end":{"line":173,"column":3}},"35":{"start":{"line":138,"column":23},"end":{"line":140,"column":5}},"36":{"start":{"line":139,"column":6},"end":{"line":139,"column":61}},"37":{"start":{"line":142,"column":4},"end":{"line":142,"column":42}},"38":{"start":{"line":142,"column":33},"end":{"line":142,"column":42}},"39":{"start":{"line":145,"column":25},"end":{"line":145,"column":65}},"40":{"start":{"line":145,"column":57},"end":{"line":145,"column":63}},"41":{"start":{"line":146,"column":4},"end":{"line":148,"column":5}},"42":{"start":{"line":147,"column":6},"end":{"line":147,"column":91}},"43":{"start":{"line":151,"column":24},"end":{"line":151,"column":63}},"44":{"start":{"line":151,"column":56},"end":{"line":151,"column":61}},"45":{"start":{"line":152,"column":4},"end":{"line":154,"column":5}},"46":{"start":{"line":153,"column":6},"end":{"line":153,"column":88}},"47":{"start":{"line":157,"column":25},"end":{"line":157,"column":43}},"48":{"start":{"line":158,"column":4},"end":{"line":160,"column":5}},"49":{"start":{"line":159,"column":6},"end":{"line":159,"column":91}},"50":{"start":{"line":163,"column":26},"end":{"line":163,"column":65}},"51":{"start":{"line":164,"column":4},"end":{"line":166,"column":5}},"52":{"start":{"line":165,"column":6},"end":{"line":165,"column":94}},"53":{"start":{"line":169,"column":27},"end":{"line":169,"column":75}},"54":{"start":{"line":169,"column":57},"end":{"line":169,"column":71}},"55":{"start":{"line":170,"column":4},"end":{"line":172,"column":5}},"56":{"start":{"line":171,"column":6},"end":{"line":171,"column":97}},"57":{"start":{"line":175,"column":2},"end":{"line":178,"column":4}},"58":{"start":{"line":185,"column":17},"end":{"line":188,"column":3}},"59":{"start":{"line":190,"column":2},"end":{"line":192,"column":3}},"60":{"start":{"line":191,"column":4},"end":{"line":191,"column":16}},"61":{"start":{"line":194,"column":2},"end":{"line":194,"column":42}},"62":{"start":{"line":197,"column":0},"end":{"line":203,"column":2}}},"fnMap":{"0":{"name":"getKlines","decl":{"start":{"line":25,"column":15},"end":{"line":25,"column":24}},"loc":{"start":{"line":25,"column":63},"end":{"line":66,"column":1}},"line":25},"1":{"name":"(anonymous_1)","decl":{"start":{"line":58,"column":25},"end":{"line":58,"column":26}},"loc":{"start":{"line":58,"column":33},"end":{"line":65,"column":3}},"line":58},"2":{"name":"aggregateOHLCV","decl":{"start":{"line":73,"column":9},"end":{"line":73,"column":23}},"loc":{"start":{"line":73,"column":48},"end":{"line":126,"column":1}},"line":73},"3":{"name":"(anonymous_3)","decl":{"start":{"line":109,"column":11},"end":{"line":109,"column":12}},"loc":{"start":{"line":109,"column":22},"end":{"line":109,"column":30}},"line":109},"4":{"name":"(anonymous_4)","decl":{"start":{"line":110,"column":12},"end":{"line":110,"column":13}},"loc":{"start":{"line":110,"column":22},"end":{"line":110,"column":31}},"line":110},"5":{"name":"(anonymous_5)","decl":{"start":{"line":121,"column":34},"end":{"line":121,"column":35}},"loc":{"start":{"line":121,"column":44},"end":{"line":121,"column":49}},"line":121},"6":{"name":"(anonymous_6)","decl":{"start":{"line":125,"column":21},"end":{"line":125,"column":22}},"loc":{"start":{"line":125,"column":31},"end":{"line":125,"column":46}},"line":125},"7":{"name":"validateConsistency","decl":{"start":{"line":133,"column":9},"end":{"line":133,"column":28}},"loc":{"start":{"line":133,"column":49},"end":{"line":179,"column":1}},"line":133},"8":{"name":"(anonymous_8)","decl":{"start":{"line":138,"column":39},"end":{"line":138,"column":40}},"loc":{"start":{"line":139,"column":6},"end":{"line":139,"column":61}},"line":139},"9":{"name":"(anonymous_9)","decl":{"start":{"line":145,"column":52},"end":{"line":145,"column":53}},"loc":{"start":{"line":145,"column":57},"end":{"line":145,"column":63}},"line":145},"10":{"name":"(anonymous_10)","decl":{"start":{"line":151,"column":51},"end":{"line":151,"column":52}},"loc":{"start":{"line":151,"column":56},"end":{"line":151,"column":61}},"line":151},"11":{"name":"(anonymous_11)","decl":{"start":{"line":169,"column":45},"end":{"line":169,"column":46}},"loc":{"start":{"line":169,"column":57},"end":{"line":169,"column":71}},"line":169},"12":{"name":"getLatestPrice","decl":{"start":{"line":184,"column":15},"end":{"line":184,"column":29}},"loc":{"start":{"line":184,"column":38},"end":{"line":195,"column":1}},"line":184}},"branchMap":{"0":{"loc":{"start":{"line":25,"column":33},"end":{"line":25,"column":48}},"type":"default-arg","locations":[{"start":{"line":25,"column":44},"end":{"line":25,"column":48}}],"line":25},"1":{"loc":{"start":{"line":25,"column":50},"end":{"line":25,"column":61}},"type":"default-arg","locations":[{"start":{"line":25,"column":58},"end":{"line":25,"column":61}}],"line":25},"2":{"loc":{"start":{"line":26,"column":2},"end":{"line":28,"column":3}},"type":"if","locations":[{"start":{"line":26,"column":2},"end":{"line":28,"column":3}},{"start":{},"end":{}}],"line":26},"3":{"loc":{"start":{"line":64,"column":12},"end":{"line":64,"column":37}},"type":"binary-expr","locations":[{"start":{"line":64,"column":12},"end":{"line":64,"column":32}},{"start":{"line":64,"column":36},"end":{"line":64,"column":37}}],"line":64},"4":{"loc":{"start":{"line":73,"column":31},"end":{"line":73,"column":46}},"type":"default-arg","locations":[{"start":{"line":73,"column":42},"end":{"line":73,"column":46}}],"line":73},"5":{"loc":{"start":{"line":74,"column":2},"end":{"line":76,"column":3}},"type":"if","locations":[{"start":{"line":74,"column":2},"end":{"line":76,"column":3}},{"start":{},"end":{}}],"line":74},"6":{"loc":{"start":{"line":74,"column":6},"end":{"line":74,"column":34}},"type":"binary-expr","locations":[{"start":{"line":74,"column":6},"end":{"line":74,"column":12}},{"start":{"line":74,"column":16},"end":{"line":74,"column":34}}],"line":74},"7":{"loc":{"start":{"line":78,"column":2},"end":{"line":80,"column":3}},"type":"if","locations":[{"start":{"line":78,"column":2},"end":{"line":80,"column":3}},{"start":{},"end":{}}],"line":78},"8":{"loc":{"start":{"line":89,"column":4},"end":{"line":96,"column":5}},"type":"if","locations":[{"start":{"line":89,"column":4},"end":{"line":96,"column":5}},{"start":{},"end":{}}],"line":89},"9":{"loc":{"start":{"line":100,"column":28},"end":{"line":100,"column":46}},"type":"binary-expr","locations":[{"start":{"line":100,"column":28},"end":{"line":100,"column":41}},{"start":{"line":100,"column":45},"end":{"line":100,"column":46}}],"line":100},"10":{"loc":{"start":{"line":139,"column":6},"end":{"line":139,"column":61}},"type":"binary-expr","locations":[{"start":{"line":139,"column":6},"end":{"line":139,"column":24}},{"start":{"line":139,"column":28},"end":{"line":139,"column":61}}],"line":139},"11":{"loc":{"start":{"line":142,"column":4},"end":{"line":142,"column":42}},"type":"if","locations":[{"start":{"line":142,"column":4},"end":{"line":142,"column":42}},{"start":{},"end":{}}],"line":142},"12":{"loc":{"start":{"line":146,"column":4},"end":{"line":148,"column":5}},"type":"if","locations":[{"start":{"line":146,"column":4},"end":{"line":148,"column":5}},{"start":{},"end":{}}],"line":146},"13":{"loc":{"start":{"line":152,"column":4},"end":{"line":154,"column":5}},"type":"if","locations":[{"start":{"line":152,"column":4},"end":{"line":154,"column":5}},{"start":{},"end":{}}],"line":152},"14":{"loc":{"start":{"line":158,"column":4},"end":{"line":160,"column":5}},"type":"if","locations":[{"start":{"line":158,"column":4},"end":{"line":160,"column":5}},{"start":{},"end":{}}],"line":158},"15":{"loc":{"start":{"line":164,"column":4},"end":{"line":166,"column":5}},"type":"if","locations":[{"start":{"line":164,"column":4},"end":{"line":166,"column":5}},{"start":{},"end":{}}],"line":164},"16":{"loc":{"start":{"line":170,"column":4},"end":{"line":172,"column":5}},"type":"if","locations":[{"start":{"line":170,"column":4},"end":{"line":172,"column":5}},{"start":{},"end":{}}],"line":170},"17":{"loc":{"start":{"line":190,"column":2},"end":{"line":192,"column":3}},"type":"if","locations":[{"start":{"line":190,"column":2},"end":{"line":192,"column":3}},{"start":{},"end":{}}],"line":190}},"s":{"0":0,"1":0,"2":0,"3":0,"4":0,"5":0,"6":0,"7":0,"8":0,"9":0,"10":0,"11":0,"12":0,"13":0,"14":0,"15":0,"16":0,"17":0,"18":0,"19":0,"20":0,"21":0,"22":0,"23":0,"24":0,"25":0,"26":0,"27":0,"28":0,"29":0,"30":0,"31":0,"32":0,"33":0,"34":0,"35":0,"36":0,"37":0,"38":0,"39":0,"40":0,"41":0,"42":0,"43":0,"44":0,"45":0,"46":0,"47":0,"48":0,"49":0,"50":0,"51":0,"52":0,"53":0,"54":0,"55":0,"56":0,"57":0,"58":0,"59":0,"60":0,"61":0,"62":0},"f":{"0":0,"1":0,"2":0,"3":0,"4":0,"5":0,"6":0,"7":0,"8":0,"9":0,"10":0,"11":0,"12":0},"b":{"0":[0],"1":[0],"2":[0,0],"3":[0,0],"4":[0],"5":[0,0],"6":[0,0],"7":[0,0],"8":[0,0],"9":[0,0],"10":[0,0],"11":[0,0],"12":[0,0],"13":[0,0],"14":[0,0],"15":[0,0],"16":[0,0],"17":[0,0]}}
,"/Users/shengchun.sun/.openclaw/workspace/leaderboard-service.js": {"path":"/Users/shengchun.sun/.openclaw/workspace/leaderboard-service.js","statementMap":{"0":{"start":{"line":6,"column":18},"end":{"line":6,"column":42}},"1":{"start":{"line":9,"column":20},"end":{"line":29,"column":1}},"2":{"start":{"line":12,"column":17},"end":{"line":12,"column":36}},"3":{"start":{"line":13,"column":4},"end":{"line":13,"column":27}},"4":{"start":{"line":13,"column":15},"end":{"line":13,"column":27}},"5":{"start":{"line":14,"column":4},"end":{"line":17,"column":5}},"6":{"start":{"line":15,"column":6},"end":{"line":15,"column":29}},"7":{"start":{"line":16,"column":6},"end":{"line":16,"column":18}},"8":{"start":{"line":18,"column":4},"end":{"line":18,"column":22}},"9":{"start":{"line":21,"column":4},"end":{"line":24,"column":7}},"10":{"start":{"line":27,"column":4},"end":{"line":27,"column":27}},"11":{"start":{"line":34,"column":26},"end":{"line":40,"column":1}},"12":{"start":{"line":46,"column":2},"end":{"line":46,"column":40}},"13":{"start":{"line":53,"column":19},"end":{"line":53,"column":68}},"14":{"start":{"line":55,"column":2},"end":{"line":58,"column":3}},"15":{"start":{"line":56,"column":19},"end":{"line":56,"column":50}},"16":{"start":{"line":57,"column":4},"end":{"line":57,"column":30}},"17":{"start":{"line":57,"column":16},"end":{"line":57,"column":30}},"18":{"start":{"line":60,"column":17},"end":{"line":72,"column":3}},"19":{"start":{"line":74,"column":22},"end":{"line":80,"column":5}},"20":{"start":{"line":74,"column":55},"end":{"line":80,"column":3}},"21":{"start":{"line":82,"column":2},"end":{"line":82,"column":51}},"22":{"start":{"line":83,"column":2},"end":{"line":83,"column":21}},"23":{"start":{"line":90,"column":19},"end":{"line":90,"column":69}},"24":{"start":{"line":92,"column":2},"end":{"line":95,"column":3}},"25":{"start":{"line":93,"column":19},"end":{"line":93,"column":50}},"26":{"start":{"line":94,"column":4},"end":{"line":94,"column":30}},"27":{"start":{"line":94,"column":16},"end":{"line":94,"column":30}},"28":{"start":{"line":97,"column":17},"end":{"line":109,"column":3}},"29":{"start":{"line":111,"column":22},"end":{"line":117,"column":5}},"30":{"start":{"line":111,"column":55},"end":{"line":117,"column":3}},"31":{"start":{"line":119,"column":2},"end":{"line":119,"column":51}},"32":{"start":{"line":120,"column":2},"end":{"line":120,"column":21}},"33":{"start":{"line":128,"column":19},"end":{"line":128,"column":70}},"34":{"start":{"line":130,"column":2},"end":{"line":133,"column":3}},"35":{"start":{"line":131,"column":19},"end":{"line":131,"column":50}},"36":{"start":{"line":132,"column":4},"end":{"line":132,"column":30}},"37":{"start":{"line":132,"column":16},"end":{"line":132,"column":30}},"38":{"start":{"line":136,"column":17},"end":{"line":159,"column":3}},"39":{"start":{"line":162,"column":20},"end":{"line":162,"column":86}},"40":{"start":{"line":162,"column":53},"end":{"line":162,"column":84}},"41":{"start":{"line":164,"column":17},"end":{"line":179,"column":4}},"42":{"start":{"line":165,"column":23},"end":{"line":165,"column":55}},"43":{"start":{"line":166,"column":23},"end":{"line":166,"column":96}},"44":{"start":{"line":167,"column":20},"end":{"line":167,"column":49}},"45":{"start":{"line":169,"column":18},"end":{"line":169,"column":69}},"46":{"start":{"line":171,"column":4},"end":{"line":178,"column":6}},"47":{"start":{"line":182,"column":2},"end":{"line":182,"column":43}},"48":{"start":{"line":182,"column":24},"end":{"line":182,"column":41}},"49":{"start":{"line":184,"column":22},"end":{"line":191,"column":5}},"50":{"start":{"line":184,"column":66},"end":{"line":191,"column":3}},"51":{"start":{"line":193,"column":2},"end":{"line":193,"column":51}},"52":{"start":{"line":194,"column":2},"end":{"line":194,"column":21}},"53":{"start":{"line":201,"column":2},"end":{"line":205,"column":5}},"54":{"start":{"line":207,"column":2},"end":{"line":207,"column":66}},"55":{"start":{"line":214,"column":16},"end":{"line":214,"column":19}},"56":{"start":{"line":217,"column":2},"end":{"line":229,"column":3}},"57":{"start":{"line":219,"column":6},"end":{"line":219,"column":58}},"58":{"start":{"line":220,"column":6},"end":{"line":220,"column":12}},"59":{"start":{"line":222,"column":6},"end":{"line":222,"column":59}},"60":{"start":{"line":223,"column":6},"end":{"line":223,"column":12}},"61":{"start":{"line":225,"column":6},"end":{"line":225,"column":61}},"62":{"start":{"line":226,"column":6},"end":{"line":226,"column":12}},"63":{"start":{"line":228,"column":6},"end":{"line":228,"column":59}},"64":{"start":{"line":231,"column":20},"end":{"line":231,"column":62}},"65":{"start":{"line":231,"column":42},"end":{"line":231,"column":61}},"66":{"start":{"line":232,"column":2},"end":{"line":232,"column":43}},"67":{"start":{"line":239,"column":2},"end":{"line":246,"column":3}},"68":{"start":{"line":240,"column":17},"end":{"line":240,"column":83}},"69":{"start":{"line":240,"column":66},"end":{"line":240,"column":82}},"70":{"start":{"line":241,"column":4},"end":{"line":243,"column":5}},"71":{"start":{"line":242,"column":6},"end":{"line":242,"column":33}},"72":{"start":{"line":245,"column":4},"end":{"line":245,"column":30}},"73":{"start":{"line":247,"column":2},"end":{"line":247,"column":27}},"74":{"start":{"line":250,"column":0},"end":{"line":259,"column":2}}},"fnMap":{"0":{"name":"(anonymous_0)","decl":{"start":{"line":11,"column":2},"end":{"line":11,"column":3}},"loc":{"start":{"line":11,"column":17},"end":{"line":19,"column":3}},"line":11},"1":{"name":"(anonymous_1)","decl":{"start":{"line":20,"column":2},"end":{"line":20,"column":3}},"loc":{"start":{"line":20,"column":41},"end":{"line":25,"column":3}},"line":20},"2":{"name":"(anonymous_2)","decl":{"start":{"line":26,"column":2},"end":{"line":26,"column":3}},"loc":{"start":{"line":26,"column":17},"end":{"line":28,"column":3}},"line":26},"3":{"name":"getCacheKey","decl":{"start":{"line":45,"column":9},"end":{"line":45,"column":20}},"loc":{"start":{"line":45,"column":39},"end":{"line":47,"column":1}},"line":45},"4":{"name":"getProfitRateLeaderboard","decl":{"start":{"line":52,"column":15},"end":{"line":52,"column":39}},"loc":{"start":{"line":52,"column":69},"end":{"line":84,"column":1}},"line":52},"5":{"name":"(anonymous_5)","decl":{"start":{"line":74,"column":38},"end":{"line":74,"column":39}},"loc":{"start":{"line":74,"column":55},"end":{"line":80,"column":3}},"line":74},"6":{"name":"getTradeVolumeLeaderboard","decl":{"start":{"line":89,"column":15},"end":{"line":89,"column":40}},"loc":{"start":{"line":89,"column":70},"end":{"line":121,"column":1}},"line":89},"7":{"name":"(anonymous_7)","decl":{"start":{"line":111,"column":38},"end":{"line":111,"column":39}},"loc":{"start":{"line":111,"column":55},"end":{"line":117,"column":3}},"line":111},"8":{"name":"getComprehensiveLeaderboard","decl":{"start":{"line":127,"column":15},"end":{"line":127,"column":42}},"loc":{"start":{"line":127,"column":72},"end":{"line":195,"column":1}},"line":127},"9":{"name":"(anonymous_9)","decl":{"start":{"line":162,"column":48},"end":{"line":162,"column":49}},"loc":{"start":{"line":162,"column":53},"end":{"line":162,"column":84}},"line":162},"10":{"name":"(anonymous_10)","decl":{"start":{"line":164,"column":33},"end":{"line":164,"column":34}},"loc":{"start":{"line":164,"column":40},"end":{"line":179,"column":3}},"line":164},"11":{"name":"(anonymous_11)","decl":{"start":{"line":182,"column":14},"end":{"line":182,"column":15}},"loc":{"start":{"line":182,"column":24},"end":{"line":182,"column":41}},"line":182},"12":{"name":"(anonymous_12)","decl":{"start":{"line":184,"column":49},"end":{"line":184,"column":50}},"loc":{"start":{"line":184,"column":66},"end":{"line":191,"column":3}},"line":184},"13":{"name":"refreshAllLeaderboards","decl":{"start":{"line":200,"column":15},"end":{"line":200,"column":37}},"loc":{"start":{"line":200,"column":50},"end":{"line":208,"column":1}},"line":200},"14":{"name":"getUserRank","decl":{"start":{"line":213,"column":15},"end":{"line":213,"column":26}},"loc":{"start":{"line":213,"column":73},"end":{"line":233,"column":1}},"line":213},"15":{"name":"(anonymous_15)","decl":{"start":{"line":231,"column":37},"end":{"line":231,"column":38}},"loc":{"start":{"line":231,"column":42},"end":{"line":231,"column":61}},"line":231},"16":{"name":"clearCache","decl":{"start":{"line":238,"column":15},"end":{"line":238,"column":25}},"loc":{"start":{"line":238,"column":39},"end":{"line":248,"column":1}},"line":238},"17":{"name":"(anonymous_17)","decl":{"start":{"line":240,"column":61},"end":{"line":240,"column":62}},"loc":{"start":{"line":240,"column":66},"end":{"line":240,"column":82}},"line":240}},"branchMap":{"0":{"loc":{"start":{"line":13,"column":4},"end":{"line":13,"column":27}},"type":"if","locations":[{"start":{"line":13,"column":4},"end":{"line":13,"column":27}},{"start":{},"end":{}}],"line":13},"1":{"loc":{"start":{"line":14,"column":4},"end":{"line":17,"column":5}},"type":"if","locations":[{"start":{"line":14,"column":4},"end":{"line":17,"column":5}},{"start":{},"end":{}}],"line":14},"2":{"loc":{"start":{"line":20,"column":24},"end":{"line":20,"column":39}},"type":"default-arg","locations":[{"start":{"line":20,"column":37},"end":{"line":20,"column":39}}],"line":20},"3":{"loc":{"start":{"line":45,"column":27},"end":{"line":45,"column":37}},"type":"default-arg","locations":[{"start":{"line":45,"column":35},"end":{"line":45,"column":37}}],"line":45},"4":{"loc":{"start":{"line":52,"column":40},"end":{"line":52,"column":50}},"type":"default-arg","locations":[{"start":{"line":52,"column":48},"end":{"line":52,"column":50}}],"line":52},"5":{"loc":{"start":{"line":52,"column":52},"end":{"line":52,"column":67}},"type":"default-arg","locations":[{"start":{"line":52,"column":63},"end":{"line":52,"column":67}}],"line":52},"6":{"loc":{"start":{"line":55,"column":2},"end":{"line":58,"column":3}},"type":"if","locations":[{"start":{"line":55,"column":2},"end":{"line":58,"column":3}},{"start":{},"end":{}}],"line":55},"7":{"loc":{"start":{"line":57,"column":4},"end":{"line":57,"column":30}},"type":"if","locations":[{"start":{"line":57,"column":4},"end":{"line":57,"column":30}},{"start":{},"end":{}}],"line":57},"8":{"loc":{"start":{"line":89,"column":41},"end":{"line":89,"column":51}},"type":"default-arg","locations":[{"start":{"line":89,"column":49},"end":{"line":89,"column":51}}],"line":89},"9":{"loc":{"start":{"line":89,"column":53},"end":{"line":89,"column":68}},"type":"default-arg","locations":[{"start":{"line":89,"column":64},"end":{"line":89,"column":68}}],"line":89},"10":{"loc":{"start":{"line":92,"column":2},"end":{"line":95,"column":3}},"type":"if","locations":[{"start":{"line":92,"column":2},"end":{"line":95,"column":3}},{"start":{},"end":{}}],"line":92},"11":{"loc":{"start":{"line":94,"column":4},"end":{"line":94,"column":30}},"type":"if","locations":[{"start":{"line":94,"column":4},"end":{"line":94,"column":30}},{"start":{},"end":{}}],"line":94},"12":{"loc":{"start":{"line":115,"column":16},"end":{"line":115,"column":46}},"type":"binary-expr","locations":[{"start":{"line":115,"column":16},"end":{"line":115,"column":41}},{"start":{"line":115,"column":45},"end":{"line":115,"column":46}}],"line":115},"13":{"loc":{"start":{"line":116,"column":17},"end":{"line":116,"column":50}},"type":"binary-expr","locations":[{"start":{"line":116,"column":17},"end":{"line":116,"column":45}},{"start":{"line":116,"column":49},"end":{"line":116,"column":50}}],"line":116},"14":{"loc":{"start":{"line":127,"column":43},"end":{"line":127,"column":53}},"type":"default-arg","locations":[{"start":{"line":127,"column":51},"end":{"line":127,"column":53}}],"line":127},"15":{"loc":{"start":{"line":127,"column":55},"end":{"line":127,"column":70}},"type":"default-arg","locations":[{"start":{"line":127,"column":66},"end":{"line":127,"column":70}}],"line":127},"16":{"loc":{"start":{"line":130,"column":2},"end":{"line":133,"column":3}},"type":"if","locations":[{"start":{"line":130,"column":2},"end":{"line":133,"column":3}},{"start":{},"end":{}}],"line":130},"17":{"loc":{"start":{"line":132,"column":4},"end":{"line":132,"column":30}},"type":"if","locations":[{"start":{"line":132,"column":4},"end":{"line":132,"column":30}},{"start":{},"end":{}}],"line":132},"18":{"loc":{"start":{"line":162,"column":53},"end":{"line":162,"column":84}},"type":"binary-expr","locations":[{"start":{"line":162,"column":53},"end":{"line":162,"column":79}},{"start":{"line":162,"column":83},"end":{"line":162,"column":84}}],"line":162},"19":{"loc":{"start":{"line":165,"column":23},"end":{"line":165,"column":55}},"type":"binary-expr","locations":[{"start":{"line":165,"column":23},"end":{"line":165,"column":50}},{"start":{"line":165,"column":54},"end":{"line":165,"column":55}}],"line":165},"20":{"loc":{"start":{"line":166,"column":23},"end":{"line":166,"column":96}},"type":"cond-expr","locations":[{"start":{"line":166,"column":39},"end":{"line":166,"column":92}},{"start":{"line":166,"column":95},"end":{"line":166,"column":96}}],"line":166},"21":{"loc":{"start":{"line":166,"column":40},"end":{"line":166,"column":73}},"type":"binary-expr","locations":[{"start":{"line":166,"column":40},"end":{"line":166,"column":68}},{"start":{"line":166,"column":72},"end":{"line":166,"column":73}}],"line":166},"22":{"loc":{"start":{"line":167,"column":20},"end":{"line":167,"column":49}},"type":"binary-expr","locations":[{"start":{"line":167,"column":20},"end":{"line":167,"column":44}},{"start":{"line":167,"column":48},"end":{"line":167,"column":49}}],"line":167},"23":{"loc":{"start":{"line":200,"column":38},"end":{"line":200,"column":48}},"type":"default-arg","locations":[{"start":{"line":200,"column":46},"end":{"line":200,"column":48}}],"line":200},"24":{"loc":{"start":{"line":213,"column":35},"end":{"line":213,"column":71}},"type":"default-arg","locations":[{"start":{"line":213,"column":42},"end":{"line":213,"column":71}}],"line":213},"25":{"loc":{"start":{"line":217,"column":2},"end":{"line":229,"column":3}},"type":"switch","locations":[{"start":{"line":218,"column":4},"end":{"line":220,"column":12}},{"start":{"line":221,"column":4},"end":{"line":223,"column":12}},{"start":{"line":224,"column":4},"end":{"line":226,"column":12}},{"start":{"line":227,"column":4},"end":{"line":228,"column":59}}],"line":217},"26":{"loc":{"start":{"line":232,"column":9},"end":{"line":232,"column":42}},"type":"cond-expr","locations":[{"start":{"line":232,"column":21},"end":{"line":232,"column":35}},{"start":{"line":232,"column":38},"end":{"line":232,"column":42}}],"line":232},"27":{"loc":{"start":{"line":238,"column":26},"end":{"line":238,"column":37}},"type":"default-arg","locations":[{"start":{"line":238,"column":33},"end":{"line":238,"column":37}}],"line":238},"28":{"loc":{"start":{"line":239,"column":2},"end":{"line":246,"column":3}},"type":"if","locations":[{"start":{"line":239,"column":2},"end":{"line":246,"column":3}},{"start":{"line":244,"column":9},"end":{"line":246,"column":3}}],"line":239}},"s":{"0":0,"1":0,"2":0,"3":0,"4":0,"5":0,"6":0,"7":0,"8":0,"9":0,"10":0,"11":0,"12":0,"13":0,"14":0,"15":0,"16":0,"17":0,"18":0,"19":0,"20":0,"21":0,"22":0,"23":0,"24":0,"25":0,"26":0,"27":0,"28":0,"29":0,"30":0,"31":0,"32":0,"33":0,"34":0,"35":0,"36":0,"37":0,"38":0,"39":0,"40":0,"41":0,"42":0,"43":0,"44":0,"45":0,"46":0,"47":0,"48":0,"49":0,"50":0,"51":0,"52":0,"53":0,"54":0,"55":0,"56":0,"57":0,"58":0,"59":0,"60":0,"61":0,"62":0,"63":0,"64":0,"65":0,"66":0,"67":0,"68":0,"69":0,"70":0,"71":0,"72":0,"73":0,"74":0},"f":{"0":0,"1":0,"2":0,"3":0,"4":0,"5":0,"6":0,"7":0,"8":0,"9":0,"10":0,"11":0,"12":0,"13":0,"14":0,"15":0,"16":0,"17":0},"b":{"0":[0,0],"1":[0,0],"2":[0],"3":[0],"4":[0],"5":[0],"6":[0,0],"7":[0,0],"8":[0],"9":[0],"10":[0,0],"11":[0,0],"12":[0,0],"13":[0,0],"14":[0],"15":[0],"16":[0,0],"17":[0,0],"18":[0,0],"19":[0,0],"20":[0,0],"21":[0,0],"22":[0,0],"23":[0],"24":[0],"25":[0,0,0,0],"26":[0,0],"27":[0],"28":[0,0]}}
,"/Users/shengchun.sun/.openclaw/workspace/stats-service.js": {"path":"/Users/shengchun.sun/.openclaw/workspace/stats-service.js","statementMap":{"0":{"start":{"line":6,"column":18},"end":{"line":6,"column":42}},"1":{"start":{"line":13,"column":23},"end":{"line":16,"column":3}},"2":{"start":{"line":19,"column":23},"end":{"line":22,"column":3}},"3":{"start":{"line":25,"column":22},"end":{"line":28,"column":3}},"4":{"start":{"line":31,"column":21},"end":{"line":34,"column":3}},"5":{"start":{"line":36,"column":17},"end":{"line":36,"column":37}},"6":{"start":{"line":37,"column":17},"end":{"line":37,"column":37}},"7":{"start":{"line":38,"column":16},"end":{"line":38,"column":35}},"8":{"start":{"line":39,"column":15},"end":{"line":39,"column":33}},"9":{"start":{"line":41,"column":2},"end":{"line":51,"column":4}},"10":{"start":{"line":58,"column":19},"end":{"line":61,"column":3}},"11":{"start":{"line":63,"column":18},"end":{"line":63,"column":20}},"12":{"start":{"line":64,"column":18},"end":{"line":64,"column":19}},"13":{"start":{"line":65,"column":19},"end":{"line":65,"column":20}},"14":{"start":{"line":67,"column":2},"end":{"line":87,"column":3}},"15":{"start":{"line":68,"column":25},"end":{"line":68,"column":61}},"16":{"start":{"line":69,"column":17},"end":{"line":69,"column":63}},"17":{"start":{"line":70,"column":18},"end":{"line":70,"column":53}},"18":{"start":{"line":71,"column":16},"end":{"line":71,"column":28}},"19":{"start":{"line":72,"column":23},"end":{"line":72,"column":58}},"20":{"start":{"line":74,"column":4},"end":{"line":74,"column":22}},"21":{"start":{"line":75,"column":4},"end":{"line":75,"column":24}},"22":{"start":{"line":77,"column":4},"end":{"line":86,"column":7}},"23":{"start":{"line":89,"column":19},"end":{"line":89,"column":41}},"24":{"start":{"line":90,"column":26},"end":{"line":90,"column":76}},"25":{"start":{"line":92,"column":2},"end":{"line":100,"column":4}},"26":{"start":{"line":107,"column":17},"end":{"line":110,"column":3}},"27":{"start":{"line":111,"column":2},"end":{"line":116,"column":6}},"28":{"start":{"line":111,"column":42},"end":{"line":116,"column":3}},"29":{"start":{"line":119,"column":0},"end":{"line":123,"column":2}}},"fnMap":{"0":{"name":"getUserStats","decl":{"start":{"line":11,"column":15},"end":{"line":11,"column":27}},"loc":{"start":{"line":11,"column":36},"end":{"line":52,"column":1}},"line":11},"1":{"name":"getHoldingsPnL","decl":{"start":{"line":57,"column":15},"end":{"line":57,"column":29}},"loc":{"start":{"line":57,"column":52},"end":{"line":101,"column":1}},"line":57},"2":{"name":"getLeaderboard","decl":{"start":{"line":106,"column":15},"end":{"line":106,"column":29}},"loc":{"start":{"line":106,"column":42},"end":{"line":117,"column":1}},"line":106},"3":{"name":"(anonymous_3)","decl":{"start":{"line":111,"column":25},"end":{"line":111,"column":26}},"loc":{"start":{"line":111,"column":42},"end":{"line":116,"column":3}},"line":111}},"branchMap":{"0":{"loc":{"start":{"line":42,"column":17},"end":{"line":42,"column":44}},"type":"binary-expr","locations":[{"start":{"line":42,"column":17},"end":{"line":42,"column":39}},{"start":{"line":42,"column":43},"end":{"line":42,"column":44}}],"line":42},"1":{"loc":{"start":{"line":43,"column":14},"end":{"line":43,"column":40}},"type":"binary-expr","locations":[{"start":{"line":43,"column":14},"end":{"line":43,"column":35}},{"start":{"line":43,"column":39},"end":{"line":43,"column":40}}],"line":43},"2":{"loc":{"start":{"line":44,"column":15},"end":{"line":44,"column":42}},"type":"binary-expr","locations":[{"start":{"line":44,"column":15},"end":{"line":44,"column":37}},{"start":{"line":44,"column":41},"end":{"line":44,"column":42}}],"line":44},"3":{"loc":{"start":{"line":45,"column":17},"end":{"line":45,"column":51}},"type":"binary-expr","locations":[{"start":{"line":45,"column":17},"end":{"line":45,"column":46}},{"start":{"line":45,"column":50},"end":{"line":45,"column":51}}],"line":45},"4":{"loc":{"start":{"line":46,"column":16},"end":{"line":46,"column":51}},"type":"binary-expr","locations":[{"start":{"line":46,"column":16},"end":{"line":46,"column":46}},{"start":{"line":46,"column":50},"end":{"line":46,"column":51}}],"line":46},"5":{"loc":{"start":{"line":47,"column":17},"end":{"line":47,"column":50}},"type":"binary-expr","locations":[{"start":{"line":47,"column":17},"end":{"line":47,"column":45}},{"start":{"line":47,"column":49},"end":{"line":47,"column":50}}],"line":47},"6":{"loc":{"start":{"line":48,"column":17},"end":{"line":48,"column":50}},"type":"binary-expr","locations":[{"start":{"line":48,"column":17},"end":{"line":48,"column":45}},{"start":{"line":48,"column":49},"end":{"line":48,"column":50}}],"line":48},"7":{"loc":{"start":{"line":49,"column":16},"end":{"line":49,"column":47}},"type":"binary-expr","locations":[{"start":{"line":49,"column":16},"end":{"line":49,"column":42}},{"start":{"line":49,"column":46},"end":{"line":49,"column":47}}],"line":49},"8":{"loc":{"start":{"line":50,"column":16},"end":{"line":50,"column":47}},"type":"binary-expr","locations":[{"start":{"line":50,"column":16},"end":{"line":50,"column":42}},{"start":{"line":50,"column":46},"end":{"line":50,"column":47}}],"line":50},"9":{"loc":{"start":{"line":68,"column":25},"end":{"line":68,"column":61}},"type":"binary-expr","locations":[{"start":{"line":68,"column":25},"end":{"line":68,"column":54}},{"start":{"line":68,"column":58},"end":{"line":68,"column":61}}],"line":68},"10":{"loc":{"start":{"line":72,"column":23},"end":{"line":72,"column":58}},"type":"cond-expr","locations":[{"start":{"line":72,"column":35},"end":{"line":72,"column":53}},{"start":{"line":72,"column":57},"end":{"line":72,"column":58}}],"line":72},"11":{"loc":{"start":{"line":90,"column":26},"end":{"line":90,"column":76}},"type":"cond-expr","locations":[{"start":{"line":90,"column":43},"end":{"line":90,"column":71}},{"start":{"line":90,"column":75},"end":{"line":90,"column":76}}],"line":90},"12":{"loc":{"start":{"line":106,"column":30},"end":{"line":106,"column":40}},"type":"default-arg","locations":[{"start":{"line":106,"column":38},"end":{"line":106,"column":40}}],"line":106}},"s":{"0":0,"1":0,"2":0,"3":0,"4":0,"5":0,"6":0,"7":0,"8":0,"9":0,"10":0,"11":0,"12":0,"13":0,"14":0,"15":0,"16":0,"17":0,"18":0,"19":0,"20":0,"21":0,"22":0,"23":0,"24":0,"25":0,"26":0,"27":0,"28":0,"29":0},"f":{"0":0,"1":0,"2":0,"3":0},"b":{"0":[0,0],"1":[0,0],"2":[0,0],"3":[0,0],"4":[0,0],"5":[0,0],"6":[0,0],"7":[0,0],"8":[0,0],"9":[0,0],"10":[0,0],"11":[0,0],"12":[0]}}
,"/Users/shengchun.sun/.openclaw/workspace/task-service.js": {"path":"/Users/shengchun.sun/.openclaw/workspace/task-service.js","statementMap":{"0":{"start":{"line":6,"column":18},"end":{"line":6,"column":42}},"1":{"start":{"line":11,"column":23},"end":{"line":81,"column":1}},"2":{"start":{"line":87,"column":16},"end":{"line":87,"column":54}},"3":{"start":{"line":90,"column":19},"end":{"line":94,"column":3}},"4":{"start":{"line":96,"column":2},"end":{"line":104,"column":3}},"5":{"start":{"line":97,"column":4},"end":{"line":103,"column":8}},"6":{"start":{"line":97,"column":37},"end":{"line":103,"column":5}},"7":{"start":{"line":107,"column":25},"end":{"line":107,"column":45}},"8":{"start":{"line":108,"column":16},"end":{"line":108,"column":18}},"9":{"start":{"line":110,"column":2},"end":{"line":119,"column":3}},"10":{"start":{"line":111,"column":19},"end":{"line":117,"column":5}},"11":{"start":{"line":118,"column":4},"end":{"line":118,"column":31}},"12":{"start":{"line":121,"column":2},"end":{"line":126,"column":6}},"13":{"start":{"line":121,"column":25},"end":{"line":126,"column":3}},"14":{"start":{"line":133,"column":16},"end":{"line":133,"column":54}},"15":{"start":{"line":135,"column":17},"end":{"line":143,"column":3}},"16":{"start":{"line":145,"column":2},"end":{"line":145,"column":21}},"17":{"start":{"line":152,"column":16},"end":{"line":152,"column":54}},"18":{"start":{"line":155,"column":21},"end":{"line":159,"column":3}},"19":{"start":{"line":161,"column":2},"end":{"line":163,"column":3}},"20":{"start":{"line":162,"column":4},"end":{"line":162,"column":55}},"21":{"start":{"line":165,"column":15},"end":{"line":165,"column":33}},"22":{"start":{"line":166,"column":17},"end":{"line":166,"column":88}},"23":{"start":{"line":169,"column":2},"end":{"line":173,"column":4}},"24":{"start":{"line":176,"column":2},"end":{"line":181,"column":3}},"25":{"start":{"line":177,"column":4},"end":{"line":180,"column":6}},"26":{"start":{"line":183,"column":2},"end":{"line":188,"column":3}},"27":{"start":{"line":184,"column":4},"end":{"line":187,"column":6}},"28":{"start":{"line":190,"column":2},"end":{"line":194,"column":4}},"29":{"start":{"line":201,"column":16},"end":{"line":201,"column":54}},"30":{"start":{"line":203,"column":2},"end":{"line":206,"column":4}},"31":{"start":{"line":213,"column":17},"end":{"line":221,"column":3}},"32":{"start":{"line":223,"column":2},"end":{"line":223,"column":24}},"33":{"start":{"line":226,"column":0},"end":{"line":233,"column":2}}},"fnMap":{"0":{"name":"getUserDailyTasks","decl":{"start":{"line":86,"column":15},"end":{"line":86,"column":32}},"loc":{"start":{"line":86,"column":41},"end":{"line":127,"column":1}},"line":86},"1":{"name":"(anonymous_1)","decl":{"start":{"line":97,"column":29},"end":{"line":97,"column":30}},"loc":{"start":{"line":97,"column":37},"end":{"line":103,"column":5}},"line":97},"2":{"name":"(anonymous_2)","decl":{"start":{"line":121,"column":19},"end":{"line":121,"column":20}},"loc":{"start":{"line":121,"column":25},"end":{"line":126,"column":3}},"line":121},"3":{"name":"updateTaskProgress","decl":{"start":{"line":132,"column":15},"end":{"line":132,"column":33}},"loc":{"start":{"line":132,"column":67},"end":{"line":146,"column":1}},"line":132},"4":{"name":"claimTaskReward","decl":{"start":{"line":151,"column":15},"end":{"line":151,"column":30}},"loc":{"start":{"line":151,"column":47},"end":{"line":195,"column":1}},"line":151},"5":{"name":"resetExpiredTasks","decl":{"start":{"line":200,"column":15},"end":{"line":200,"column":32}},"loc":{"start":{"line":200,"column":35},"end":{"line":207,"column":1}},"line":200},"6":{"name":"getTaskStats","decl":{"start":{"line":212,"column":15},"end":{"line":212,"column":27}},"loc":{"start":{"line":212,"column":36},"end":{"line":224,"column":1}},"line":212}},"branchMap":{"0":{"loc":{"start":{"line":96,"column":2},"end":{"line":104,"column":3}},"type":"if","locations":[{"start":{"line":96,"column":2},"end":{"line":104,"column":3}},{"start":{},"end":{}}],"line":96},"1":{"loc":{"start":{"line":132,"column":52},"end":{"line":132,"column":65}},"type":"default-arg","locations":[{"start":{"line":132,"column":64},"end":{"line":132,"column":65}}],"line":132},"2":{"loc":{"start":{"line":161,"column":2},"end":{"line":163,"column":3}},"type":"if","locations":[{"start":{"line":161,"column":2},"end":{"line":163,"column":3}},{"start":{},"end":{}}],"line":161},"3":{"loc":{"start":{"line":166,"column":17},"end":{"line":166,"column":88}},"type":"cond-expr","locations":[{"start":{"line":166,"column":51},"end":{"line":166,"column":74}},{"start":{"line":166,"column":77},"end":{"line":166,"column":88}}],"line":166},"4":{"loc":{"start":{"line":176,"column":2},"end":{"line":181,"column":3}},"type":"if","locations":[{"start":{"line":176,"column":2},"end":{"line":181,"column":3}},{"start":{},"end":{}}],"line":176},"5":{"loc":{"start":{"line":183,"column":2},"end":{"line":188,"column":3}},"type":"if","locations":[{"start":{"line":183,"column":2},"end":{"line":188,"column":3}},{"start":{},"end":{}}],"line":183}},"s":{"0":0,"1":0,"2":0,"3":0,"4":0,"5":0,"6":0,"7":0,"8":0,"9":0,"10":0,"11":0,"12":0,"13":0,"14":0,"15":0,"16":0,"17":0,"18":0,"19":0,"20":0,"21":0,"22":0,"23":0,"24":0,"25":0,"26":0,"27":0,"28":0,"29":0,"30":0,"31":0,"32":0,"33":0},"f":{"0":0,"1":0,"2":0,"3":0,"4":0,"5":0,"6":0},"b":{"0":[0,0],"1":[0],"2":[0,0],"3":[0,0],"4":[0,0],"5":[0,0]}}
}
