{"/Users/shengchun.sun/.openclaw/workspace/stats-service.js": {"path":"/Users/shengchun.sun/.openclaw/workspace/stats-service.js","statementMap":{"0":{"start":{"line":6,"column":18},"end":{"line":6,"column":42}},"1":{"start":{"line":13,"column":23},"end":{"line":16,"column":3}},"2":{"start":{"line":19,"column":23},"end":{"line":22,"column":3}},"3":{"start":{"line":25,"column":22},"end":{"line":28,"column":3}},"4":{"start":{"line":31,"column":21},"end":{"line":34,"column":3}},"5":{"start":{"line":36,"column":17},"end":{"line":36,"column":37}},"6":{"start":{"line":37,"column":17},"end":{"line":37,"column":37}},"7":{"start":{"line":38,"column":16},"end":{"line":38,"column":35}},"8":{"start":{"line":39,"column":15},"end":{"line":39,"column":33}},"9":{"start":{"line":41,"column":2},"end":{"line":51,"column":4}},"10":{"start":{"line":58,"column":19},"end":{"line":61,"column":3}},"11":{"start":{"line":63,"column":18},"end":{"line":63,"column":20}},"12":{"start":{"line":64,"column":18},"end":{"line":64,"column":19}},"13":{"start":{"line":65,"column":19},"end":{"line":65,"column":20}},"14":{"start":{"line":67,"column":2},"end":{"line":87,"column":3}},"15":{"start":{"line":68,"column":25},"end":{"line":68,"column":61}},"16":{"start":{"line":69,"column":17},"end":{"line":69,"column":63}},"17":{"start":{"line":70,"column":18},"end":{"line":70,"column":53}},"18":{"start":{"line":71,"column":16},"end":{"line":71,"column":28}},"19":{"start":{"line":72,"column":23},"end":{"line":72,"column":58}},"20":{"start":{"line":74,"column":4},"end":{"line":74,"column":22}},"21":{"start":{"line":75,"column":4},"end":{"line":75,"column":24}},"22":{"start":{"line":77,"column":4},"end":{"line":86,"column":7}},"23":{"start":{"line":89,"column":19},"end":{"line":89,"column":41}},"24":{"start":{"line":90,"column":26},"end":{"line":90,"column":76}},"25":{"start":{"line":92,"column":2},"end":{"line":100,"column":4}},"26":{"start":{"line":107,"column":17},"end":{"line":110,"column":3}},"27":{"start":{"line":111,"column":2},"end":{"line":116,"column":6}},"28":{"start":{"line":111,"column":42},"end":{"line":116,"column":3}},"29":{"start":{"line":119,"column":0},"end":{"line":123,"column":2}}},"fnMap":{"0":{"name":"getUserStats","decl":{"start":{"line":11,"column":15},"end":{"line":11,"column":27}},"loc":{"start":{"line":11,"column":36},"end":{"line":52,"column":1}},"line":11},"1":{"name":"getHoldingsPnL","decl":{"start":{"line":57,"column":15},"end":{"line":57,"column":29}},"loc":{"start":{"line":57,"column":52},"end":{"line":101,"column":1}},"line":57},"2":{"name":"getLeaderboard","decl":{"start":{"line":106,"column":15},"end":{"line":106,"column":29}},"loc":{"start":{"line":106,"column":42},"end":{"line":117,"column":1}},"line":106},"3":{"name":"(anonymous_3)","decl":{"start":{"line":111,"column":25},"end":{"line":111,"column":26}},"loc":{"start":{"line":111,"column":42},"end":{"line":116,"column":3}},"line":111}},"branchMap":{"0":{"loc":{"start":{"line":42,"column":17},"end":{"line":42,"column":44}},"type":"binary-expr","locations":[{"start":{"line":42,"column":17},"end":{"line":42,"column":39}},{"start":{"line":42,"column":43},"end":{"line":42,"column":44}}],"line":42},"1":{"loc":{"start":{"line":43,"column":14},"end":{"line":43,"column":40}},"type":"binary-expr","locations":[{"start":{"line":43,"column":14},"end":{"line":43,"column":35}},{"start":{"line":43,"column":39},"end":{"line":43,"column":40}}],"line":43},"2":{"loc":{"start":{"line":44,"column":15},"end":{"line":44,"column":42}},"type":"binary-expr","locations":[{"start":{"line":44,"column":15},"end":{"line":44,"column":37}},{"start":{"line":44,"column":41},"end":{"line":44,"column":42}}],"line":44},"3":{"loc":{"start":{"line":45,"column":17},"end":{"line":45,"column":51}},"type":"binary-expr","locations":[{"start":{"line":45,"column":17},"end":{"line":45,"column":46}},{"start":{"line":45,"column":50},"end":{"line":45,"column":51}}],"line":45},"4":{"loc":{"start":{"line":46,"column":16},"end":{"line":46,"column":51}},"type":"binary-expr","locations":[{"start":{"line":46,"column":16},"end":{"line":46,"column":46}},{"start":{"line":46,"column":50},"end":{"line":46,"column":51}}],"line":46},"5":{"loc":{"start":{"line":47,"column":17},"end":{"line":47,"column":50}},"type":"binary-expr","locations":[{"start":{"line":47,"column":17},"end":{"line":47,"column":45}},{"start":{"line":47,"column":49},"end":{"line":47,"column":50}}],"line":47},"6":{"loc":{"start":{"line":48,"column":17},"end":{"line":48,"column":50}},"type":"binary-expr","locations":[{"start":{"line":48,"column":17},"end":{"line":48,"column":45}},{"start":{"line":48,"column":49},"end":{"line":48,"column":50}}],"line":48},"7":{"loc":{"start":{"line":49,"column":16},"end":{"line":49,"column":47}},"type":"binary-expr","locations":[{"start":{"line":49,"column":16},"end":{"line":49,"column":42}},{"start":{"line":49,"column":46},"end":{"line":49,"column":47}}],"line":49},"8":{"loc":{"start":{"line":50,"column":16},"end":{"line":50,"column":47}},"type":"binary-expr","locations":[{"start":{"line":50,"column":16},"end":{"line":50,"column":42}},{"start":{"line":50,"column":46},"end":{"line":50,"column":47}}],"line":50},"9":{"loc":{"start":{"line":68,"column":25},"end":{"line":68,"column":61}},"type":"binary-expr","locations":[{"start":{"line":68,"column":25},"end":{"line":68,"column":54}},{"start":{"line":68,"column":58},"end":{"line":68,"column":61}}],"line":68},"10":{"loc":{"start":{"line":72,"column":23},"end":{"line":72,"column":58}},"type":"cond-expr","locations":[{"start":{"line":72,"column":35},"end":{"line":72,"column":53}},{"start":{"line":72,"column":57},"end":{"line":72,"column":58}}],"line":72},"11":{"loc":{"start":{"line":90,"column":26},"end":{"line":90,"column":76}},"type":"cond-expr","locations":[{"start":{"line":90,"column":43},"end":{"line":90,"column":71}},{"start":{"line":90,"column":75},"end":{"line":90,"column":76}}],"line":90},"12":{"loc":{"start":{"line":106,"column":30},"end":{"line":106,"column":40}},"type":"default-arg","locations":[{"start":{"line":106,"column":38},"end":{"line":106,"column":40}}],"line":106}},"s":{"0":1,"1":5,"2":4,"3":4,"4":4,"5":4,"6":4,"7":4,"8":4,"9":4,"10":7,"11":7,"12":7,"13":7,"14":7,"15":8,"16":8,"17":8,"18":8,"19":8,"20":8,"21":8,"22":8,"23":7,"24":7,"25":7,"26":2,"27":2,"28":3,"29":1},"f":{"0":5,"1":7,"2":2,"3":3},"b":{"0":[4,2],"1":[4,2],"2":[4,2],"3":[4,2],"4":[4,2],"5":[4,3],"6":[4,3],"7":[4,3],"8":[4,3],"9":[8,1],"10":[7,1],"11":[5,2],"12":[0]},"_coverageSchema":"1a1c01bbd47fc00a2c39e90264f33305004495a9","hash":"7d1084fb6319bfa5eb9e955aec9ff1f585c7af78"}
}
