TN:
SF:achievement-service.js
FN:12,loadAchievements
FN:20,getUserAchievements
FN:32,checkAndUnlock
FN:77,checkAfterTrade
FNF:4
FNH:1
FNDA:0,loadAchievements
FNDA:1,getUserAchievements
FNDA:0,checkAndUnlock
FNDA:0,checkAfterTrade
DA:5,1
DA:6,1
DA:9,1
DA:13,0
DA:14,0
DA:15,0
DA:16,0
DA:21,1
DA:28,1
DA:33,0
DA:34,0
DA:36,0
DA:37,0
DA:40,0
DA:44,0
DA:47,0
DA:48,0
DA:50,0
DA:53,0
DA:54,0
DA:58,0
DA:61,0
DA:69,0
DA:73,0
DA:79,0
DA:83,0
DA:86,0
DA:87,0
DA:88,0
DA:92,0
DA:96,0
DA:99,1
LF:32
LH:6
BRDA:13,0,0,0
BRDA:13,0,1,0
BRDA:37,1,0,0
BRDA:37,1,1,0
BRDA:44,2,0,0
BRDA:44,2,1,0
BRDA:48,3,0,0
BRDA:48,3,1,0
BRDA:48,4,0,0
BRDA:48,4,1,0
BRDA:48,4,2,0
BRDA:48,4,3,0
BRDA:53,5,0,0
BRDA:53,5,1,0
BRDA:87,6,0,0
BRDA:87,6,1,0
BRF:16
BRH:0
end_of_record
TN:
SF:kline-service.js
FN:25,getKlines
FN:58,(anonymous_1)
FN:73,aggregateOHLCV
FN:109,(anonymous_3)
FN:110,(anonymous_4)
FN:121,(anonymous_5)
FN:125,(anonymous_6)
FN:133,validateConsistency
FN:138,(anonymous_8)
FN:145,(anonymous_9)
FN:151,(anonymous_10)
FN:169,(anonymous_11)
FN:184,getLatestPrice
FNF:13
FNH:2
FNDA:3,getKlines
FNDA:1,(anonymous_1)
FNDA:0,aggregateOHLCV
FNDA:0,(anonymous_3)
FNDA:0,(anonymous_4)
FNDA:0,(anonymous_5)
FNDA:0,(anonymous_6)
FNDA:0,validateConsistency
FNDA:0,(anonymous_8)
FNDA:0,(anonymous_9)
FNDA:0,(anonymous_10)
FNDA:0,(anonymous_11)
FNDA:0,getLatestPrice
DA:6,1
DA:11,1
DA:26,3
DA:27,0
DA:30,3
DA:33,3
DA:58,3
DA:74,0
DA:75,0
DA:78,0
DA:79,0
DA:82,0
DA:83,0
DA:86,0
DA:87,0
DA:89,0
DA:90,0
DA:98,0
DA:99,0
DA:100,0
DA:101,0
DA:105,0
DA:106,0
DA:108,0
DA:109,0
DA:110,0
DA:112,0
DA:113,0
DA:115,0
DA:121,0
DA:125,0
DA:134,0
DA:136,0
DA:138,0
DA:139,0
DA:142,0
DA:145,0
DA:146,0
DA:147,0
DA:151,0
DA:152,0
DA:153,0
DA:157,0
DA:158,0
DA:159,0
DA:163,0
DA:164,0
DA:165,0
DA:169,0
DA:170,0
DA:171,0
DA:175,0
DA:185,0
DA:190,0
DA:191,0
DA:194,0
DA:197,1
LF:57
LH:7
BRDA:25,0,0,0
BRDA:25,1,0,0
BRDA:26,2,0,0
BRDA:26,2,1,3
BRDA:64,3,0,1
BRDA:64,3,1,0
BRDA:73,4,0,0
BRDA:74,5,0,0
BRDA:74,5,1,0
BRDA:74,6,0,0
BRDA:74,6,1,0
BRDA:78,7,0,0
BRDA:78,7,1,0
BRDA:89,8,0,0
BRDA:89,8,1,0
BRDA:100,9,0,0
BRDA:100,9,1,0
BRDA:139,10,0,0
BRDA:139,10,1,0
BRDA:142,11,0,0
BRDA:142,11,1,0
BRDA:146,12,0,0
BRDA:146,12,1,0
BRDA:152,13,0,0
BRDA:152,13,1,0
BRDA:158,14,0,0
BRDA:158,14,1,0
BRDA:164,15,0,0
BRDA:164,15,1,0
BRDA:170,16,0,0
BRDA:170,16,1,0
BRDA:190,17,0,0
BRDA:190,17,1,0
BRF:33
BRH:2
end_of_record
TN:
SF:leaderboard-service.js
FN:11,(anonymous_0)
FN:20,(anonymous_1)
FN:26,(anonymous_2)
FN:45,getCacheKey
FN:52,getProfitRateLeaderboard
FN:74,(anonymous_5)
FN:89,getTradeVolumeLeaderboard
FN:111,(anonymous_7)
FN:127,getComprehensiveLeaderboard
FN:162,(anonymous_9)
FN:164,(anonymous_10)
FN:182,(anonymous_11)
FN:184,(anonymous_12)
FN:200,refreshAllLeaderboards
FN:213,getUserRank
FN:231,(anonymous_15)
FN:238,clearCache
FN:240,(anonymous_17)
FNF:18
FNH:5
FNDA:1,(anonymous_0)
FNDA:1,(anonymous_1)
FNDA:0,(anonymous_2)
FNDA:1,getCacheKey
FNDA:1,getProfitRateLeaderboard
FNDA:1,(anonymous_5)
FNDA:0,getTradeVolumeLeaderboard
FNDA:0,(anonymous_7)
FNDA:0,getComprehensiveLeaderboard
FNDA:0,(anonymous_9)
FNDA:0,(anonymous_10)
FNDA:0,(anonymous_11)
FNDA:0,(anonymous_12)
FNDA:0,refreshAllLeaderboards
FNDA:0,getUserRank
FNDA:0,(anonymous_15)
FNDA:0,clearCache
FNDA:0,(anonymous_17)
DA:6,1
DA:9,1
DA:12,1
DA:13,1
DA:14,0
DA:15,0
DA:16,0
DA:18,0
DA:21,1
DA:27,0
DA:34,1
DA:46,1
DA:53,1
DA:55,1
DA:56,1
DA:57,1
DA:60,1
DA:74,1
DA:82,1
DA:83,1
DA:90,0
DA:92,0
DA:93,0
DA:94,0
DA:97,0
DA:111,0
DA:119,0
DA:120,0
DA:128,0
DA:130,0
DA:131,0
DA:132,0
DA:136,0
DA:162,0
DA:164,0
DA:165,0
DA:166,0
DA:167,0
DA:169,0
DA:171,0
DA:182,0
DA:184,0
DA:193,0
DA:194,0
DA:201,0
DA:207,0
DA:214,0
DA:217,0
DA:219,0
DA:220,0
DA:222,0
DA:223,0
DA:225,0
DA:226,0
DA:228,0
DA:231,0
DA:232,0
DA:239,0
DA:240,0
DA:241,0
DA:242,0
DA:245,0
DA:247,0
DA:250,1
LF:64
LH:16
BRDA:13,0,0,1
BRDA:13,0,1,0
BRDA:14,1,0,0
BRDA:14,1,1,0
BRDA:20,2,0,0
BRDA:45,3,0,0
BRDA:52,4,0,1
BRDA:52,5,0,1
BRDA:55,6,0,1
BRDA:55,6,1,0
BRDA:57,7,0,0
BRDA:57,7,1,1
BRDA:89,8,0,0
BRDA:89,9,0,0
BRDA:92,10,0,0
BRDA:92,10,1,0
BRDA:94,11,0,0
BRDA:94,11,1,0
BRDA:115,12,0,0
BRDA:115,12,1,0
BRDA:116,13,0,0
BRDA:116,13,1,0
BRDA:127,14,0,0
BRDA:127,15,0,0
BRDA:130,16,0,0
BRDA:130,16,1,0
BRDA:132,17,0,0
BRDA:132,17,1,0
BRDA:162,18,0,0
BRDA:162,18,1,0
BRDA:165,19,0,0
BRDA:165,19,1,0
BRDA:166,20,0,0
BRDA:166,20,1,0
BRDA:166,21,0,0
BRDA:166,21,1,0
BRDA:167,22,0,0
BRDA:167,22,1,0
BRDA:200,23,0,0
BRDA:213,24,0,0
BRDA:217,25,0,0
BRDA:217,25,1,0
BRDA:217,25,2,0
BRDA:217,25,3,0
BRDA:232,26,0,0
BRDA:232,26,1,0
BRDA:238,27,0,0
BRDA:239,28,0,0
BRDA:239,28,1,0
BRF:49
BRH:5
end_of_record
TN:
SF:stats-service.js
FN:11,getUserStats
FN:57,getHoldingsPnL
FN:106,getLeaderboard
FN:111,(anonymous_3)
FNF:4
FNH:2
FNDA:2,getUserStats
FNDA:1,getHoldingsPnL
FNDA:0,getLeaderboard
FNDA:0,(anonymous_3)
DA:6,1
DA:13,2
DA:19,2
DA:25,2
DA:31,2
DA:36,2
DA:37,2
DA:38,2
DA:39,2
DA:41,2
DA:58,1
DA:63,1
DA:64,1
DA:65,1
DA:67,1
DA:68,1
DA:69,1
DA:70,1
DA:71,1
DA:72,1
DA:74,1
DA:75,1
DA:77,1
DA:89,1
DA:90,1
DA:92,1
DA:107,0
DA:111,0
DA:119,1
LF:29
LH:27
BRDA:42,0,0,2
BRDA:42,0,1,1
BRDA:43,1,0,2
BRDA:43,1,1,1
BRDA:44,2,0,2
BRDA:44,2,1,1
BRDA:45,3,0,2
BRDA:45,3,1,2
BRDA:46,4,0,2
BRDA:46,4,1,2
BRDA:47,5,0,2
BRDA:47,5,1,2
BRDA:48,6,0,2
BRDA:48,6,1,2
BRDA:49,7,0,2
BRDA:49,7,1,2
BRDA:50,8,0,2
BRDA:50,8,1,2
BRDA:68,9,0,1
BRDA:68,9,1,0
BRDA:72,10,0,1
BRDA:72,10,1,0
BRDA:90,11,0,1
BRDA:90,11,1,0
BRDA:106,12,0,0
BRF:25
BRH:21
end_of_record
TN:
SF:task-service.js
FN:86,getUserDailyTasks
FN:97,(anonymous_1)
FN:121,(anonymous_2)
FN:132,updateTaskProgress
FN:151,claimTaskReward
FN:200,resetExpiredTasks
FN:212,getTaskStats
FNF:7
FNH:2
FNDA:1,getUserDailyTasks
FNDA:1,(anonymous_1)
FNDA:0,(anonymous_2)
FNDA:0,updateTaskProgress
FNDA:0,claimTaskReward
FNDA:0,resetExpiredTasks
FNDA:0,getTaskStats
DA:6,1
DA:11,1
DA:87,1
DA:90,1
DA:96,1
DA:97,1
DA:107,0
DA:108,0
DA:110,0
DA:111,0
DA:118,0
DA:121,0
DA:133,0
DA:135,0
DA:145,0
DA:152,0
DA:155,0
DA:161,0
DA:162,0
DA:165,0
DA:166,0
DA:169,0
DA:176,0
DA:177,0
DA:183,0
DA:184,0
DA:190,0
DA:201,0
DA:203,0
DA:213,0
DA:223,0
DA:226,1
LF:32
LH:7
BRDA:96,0,0,1
BRDA:96,0,1,0
BRDA:132,1,0,0
BRDA:161,2,0,0
BRDA:161,2,1,0
BRDA:166,3,0,0
BRDA:166,3,1,0
BRDA:176,4,0,0
BRDA:176,4,1,0
BRDA:183,5,0,0
BRDA:183,5,1,0
BRF:11
BRH:1
end_of_record
