TN:
SF:achievement-service.js
FN:12,loadAchievements
FN:20,getUserAchievements
FN:32,checkAndUnlock
FN:77,checkAfterTrade
FNF:4
FNH:2
FNDA:4,loadAchievements
FNDA:0,getUserAchievements
FNDA:3,checkAndUnlock
FNDA:0,checkAfterTrade
DA:5,1
DA:6,1
DA:9,1
DA:13,4
DA:14,1
DA:15,1
DA:16,1
DA:21,0
DA:28,0
DA:33,3
DA:34,3
DA:36,3
DA:37,6
DA:40,6
DA:44,6
DA:47,2
DA:48,2
DA:50,2
DA:53,2
DA:54,0
DA:58,0
DA:61,0
DA:69,0
DA:73,3
DA:79,0
DA:83,0
DA:86,0
DA:87,0
DA:88,0
DA:92,0
DA:96,0
DA:99,1
LF:32
LH:19
BRDA:13,0,0,3
BRDA:13,0,1,1
BRDA:37,1,0,0
BRDA:37,1,1,6
BRDA:44,2,0,4
BRDA:44,2,1,2
BRDA:48,3,0,2
BRDA:48,3,1,0
BRDA:48,4,0,2
BRDA:48,4,1,0
BRDA:48,4,2,0
BRDA:48,4,3,0
BRDA:53,5,0,0
BRDA:53,5,1,2
BRDA:87,6,0,0
BRDA:87,6,1,0
BRF:16
BRH:8
end_of_record
TN:
SF:kline-service.js
FN:25,getKlines
FN:58,(anonymous_1)
FN:73,aggregateOHLCV
FN:109,(anonymous_3)
FN:110,(anonymous_4)
FN:121,(anonymous_5)
FN:125,(anonymous_6)
FN:133,validateConsistency
FN:138,(anonymous_8)
FN:145,(anonymous_9)
FN:151,(anonymous_10)
FN:169,(anonymous_11)
FN:184,getLatestPrice
FNF:13
FNH:13
FNDA:3,getKlines
FNDA:2,(anonymous_1)
FNDA:18,aggregateOHLCV
FNDA:30820,(anonymous_3)
FNDA:30710,(anonymous_4)
FNDA:30820,(anonymous_5)
FNDA:142,(anonymous_6)
FNDA:2,validateConsistency
FNDA:50,(anonymous_8)
FNDA:20,(anonymous_9)
FNDA:20,(anonymous_10)
FNDA:20,(anonymous_11)
FNDA:2,getLatestPrice
DA:6,1
DA:11,1
DA:26,3
DA:27,1
DA:30,2
DA:33,2
DA:58,2
DA:74,18
DA:75,1
DA:78,17
DA:79,1
DA:82,16
DA:83,16
DA:86,16
DA:87,30820
DA:89,30820
DA:90,156
DA:98,30820
DA:99,30820
DA:100,30820
DA:101,30820
DA:105,16
DA:106,16
DA:108,156
DA:109,30820
DA:110,30710
DA:112,156
DA:113,156
DA:115,156
DA:121,30820
DA:125,142
DA:134,2
DA:136,2
DA:138,4
DA:139,50
DA:142,4
DA:145,20
DA:146,4
DA:147,1
DA:151,20
DA:152,4
DA:153,0
DA:157,4
DA:158,4
DA:159,0
DA:163,4
DA:164,4
DA:165,0
DA:169,20
DA:170,4
DA:171,0
DA:175,2
DA:185,2
DA:190,2
DA:191,1
DA:194,1
DA:197,1
LF:57
LH:53
BRDA:25,0,0,0
BRDA:25,1,0,0
BRDA:26,2,0,1
BRDA:26,2,1,2
BRDA:64,3,0,2
BRDA:64,3,1,0
BRDA:73,4,0,0
BRDA:74,5,0,1
BRDA:74,5,1,17
BRDA:74,6,0,18
BRDA:74,6,1,18
BRDA:78,7,0,1
BRDA:78,7,1,16
BRDA:89,8,0,156
BRDA:89,8,1,30664
BRDA:100,9,0,30820
BRDA:100,9,1,0
BRDA:139,10,0,50
BRDA:139,10,1,35
BRDA:142,11,0,0
BRDA:142,11,1,4
BRDA:146,12,0,1
BRDA:146,12,1,3
BRDA:152,13,0,0
BRDA:152,13,1,4
BRDA:158,14,0,0
BRDA:158,14,1,4
BRDA:164,15,0,0
BRDA:164,15,1,4
BRDA:170,16,0,0
BRDA:170,16,1,4
BRDA:190,17,0,1
BRDA:190,17,1,1
BRF:33
BRH:23
end_of_record
TN:
SF:leaderboard-service.js
FN:11,(anonymous_0)
FN:20,(anonymous_1)
FN:26,(anonymous_2)
FN:45,getCacheKey
FN:52,getProfitRateLeaderboard
FN:74,(anonymous_5)
FN:89,getTradeVolumeLeaderboard
FN:111,(anonymous_7)
FN:127,getComprehensiveLeaderboard
FN:162,(anonymous_9)
FN:164,(anonymous_10)
FN:182,(anonymous_11)
FN:184,(anonymous_12)
FN:200,refreshAllLeaderboards
FN:213,getUserRank
FN:231,(anonymous_15)
FN:238,clearCache
FN:240,(anonymous_17)
FNF:18
FNH:17
FNDA:5,(anonymous_0)
FNDA:11,(anonymous_1)
FNDA:1,(anonymous_2)
FNDA:12,getCacheKey
FNDA:9,getProfitRateLeaderboard
FNDA:9,(anonymous_5)
FNDA:1,getTradeVolumeLeaderboard
FNDA:2,(anonymous_7)
FNDA:2,getComprehensiveLeaderboard
FNDA:3,(anonymous_9)
FNDA:3,(anonymous_10)
FNDA:1,(anonymous_11)
FNDA:3,(anonymous_12)
FNDA:0,refreshAllLeaderboards
FNDA:2,getUserRank
FNDA:3,(anonymous_15)
FNDA:2,clearCache
FNDA:2,(anonymous_17)
DA:6,1
DA:9,1
DA:12,5
DA:13,5
DA:14,2
DA:15,0
DA:16,0
DA:18,2
DA:21,11
DA:27,1
DA:34,1
DA:46,12
DA:53,9
DA:55,9
DA:56,5
DA:57,5
DA:60,8
DA:74,9
DA:82,8
DA:83,8
DA:90,1
DA:92,1
DA:93,0
DA:94,0
DA:97,1
DA:111,2
DA:119,1
DA:120,1
DA:128,2
DA:130,2
DA:131,0
DA:132,0
DA:136,2
DA:162,3
DA:164,2
DA:165,3
DA:166,3
DA:167,3
DA:169,3
DA:171,3
DA:182,2
DA:184,3
DA:193,2
DA:194,2
DA:201,0
DA:207,0
DA:214,2
DA:217,2
DA:219,2
DA:220,2
DA:222,0
DA:223,0
DA:225,0
DA:226,0
DA:228,0
DA:231,3
DA:232,2
DA:239,2
DA:240,2
DA:241,1
DA:242,1
DA:245,1
DA:247,2
DA:250,1
LF:64
LH:51
BRDA:13,0,0,3
BRDA:13,0,1,2
BRDA:14,1,0,0
BRDA:14,1,1,2
BRDA:20,2,0,0
BRDA:45,3,0,0
BRDA:52,4,0,0
BRDA:52,5,0,2
BRDA:55,6,0,5
BRDA:55,6,1,4
BRDA:57,7,0,1
BRDA:57,7,1,4
BRDA:89,8,0,0
BRDA:89,9,0,0
BRDA:92,10,0,0
BRDA:92,10,1,1
BRDA:94,11,0,0
BRDA:94,11,1,0
BRDA:115,12,0,2
BRDA:115,12,1,0
BRDA:116,13,0,2
BRDA:116,13,1,0
BRDA:127,14,0,0
BRDA:127,15,0,0
BRDA:130,16,0,0
BRDA:130,16,1,2
BRDA:132,17,0,0
BRDA:132,17,1,0
BRDA:162,18,0,3
BRDA:162,18,1,0
BRDA:165,19,0,3
BRDA:165,19,1,0
BRDA:166,20,0,3
BRDA:166,20,1,0
BRDA:166,21,0,3
BRDA:166,21,1,0
BRDA:167,22,0,3
BRDA:167,22,1,0
BRDA:200,23,0,0
BRDA:213,24,0,0
BRDA:217,25,0,2
BRDA:217,25,1,0
BRDA:217,25,2,0
BRDA:217,25,3,0
BRDA:232,26,0,1
BRDA:232,26,1,1
BRDA:238,27,0,1
BRDA:239,28,0,1
BRDA:239,28,1,1
BRF:49
BRH:23
end_of_record
TN:
SF:stats-service.js
FN:11,getUserStats
FN:57,getHoldingsPnL
FN:106,getLeaderboard
FN:111,(anonymous_3)
FNF:4
FNH:4
FNDA:5,getUserStats
FNDA:7,getHoldingsPnL
FNDA:2,getLeaderboard
FNDA:3,(anonymous_3)
DA:6,1
DA:13,5
DA:19,4
DA:25,4
DA:31,4
DA:36,4
DA:37,4
DA:38,4
DA:39,4
DA:41,4
DA:58,7
DA:63,7
DA:64,7
DA:65,7
DA:67,7
DA:68,8
DA:69,8
DA:70,8
DA:71,8
DA:72,8
DA:74,8
DA:75,8
DA:77,8
DA:89,7
DA:90,7
DA:92,7
DA:107,2
DA:111,3
DA:119,1
LF:29
LH:29
BRDA:42,0,0,4
BRDA:42,0,1,2
BRDA:43,1,0,4
BRDA:43,1,1,2
BRDA:44,2,0,4
BRDA:44,2,1,2
BRDA:45,3,0,4
BRDA:45,3,1,2
BRDA:46,4,0,4
BRDA:46,4,1,2
BRDA:47,5,0,4
BRDA:47,5,1,3
BRDA:48,6,0,4
BRDA:48,6,1,3
BRDA:49,7,0,4
BRDA:49,7,1,3
BRDA:50,8,0,4
BRDA:50,8,1,3
BRDA:68,9,0,8
BRDA:68,9,1,1
BRDA:72,10,0,7
BRDA:72,10,1,1
BRDA:90,11,0,5
BRDA:90,11,1,2
BRDA:106,12,0,0
BRF:25
BRH:24
end_of_record
TN:
SF:task-service.js
FN:86,getUserDailyTasks
FN:97,(anonymous_1)
FN:121,(anonymous_2)
FN:132,updateTaskProgress
FN:151,claimTaskReward
FN:200,resetExpiredTasks
FN:212,getTaskStats
FNF:7
FNH:5
FNDA:3,getUserDailyTasks
FNDA:2,(anonymous_1)
FNDA:5,(anonymous_2)
FNDA:3,updateTaskProgress
FNDA:3,claimTaskReward
FNDA:0,resetExpiredTasks
FNDA:0,getTaskStats
DA:6,1
DA:11,1
DA:87,3
DA:90,3
DA:96,3
DA:97,2
DA:107,1
DA:108,1
DA:110,1
DA:111,5
DA:118,5
DA:121,5
DA:133,3
DA:135,3
DA:145,3
DA:152,3
DA:155,3
DA:161,3
DA:162,2
DA:165,1
DA:166,1
DA:169,1
DA:176,1
DA:177,1
DA:183,1
DA:184,1
DA:190,1
DA:201,0
DA:203,0
DA:213,0
DA:223,0
DA:226,1
LF:32
LH:28
BRDA:96,0,0,2
BRDA:96,0,1,1
BRDA:132,1,0,0
BRDA:161,2,0,2
BRDA:161,2,1,1
BRDA:166,3,0,1
BRDA:166,3,1,0
BRDA:176,4,0,1
BRDA:176,4,1,0
BRDA:183,5,0,1
BRDA:183,5,1,0
BRF:11
BRH:7
end_of_record
